0 verbose cli [
0 verbose cli   '/usr/bin/node',
0 verbose cli   '/usr/bin/npm',
0 verbose cli   'install',
0 verbose cli   '-g',
0 verbose cli   'less',
0 verbose cli   'less-plugin-clean-css'
0 verbose cli ]
1 info using npm@8.5.1
2 info using node@v12.22.9
3 timing npm:load:whichnode Completed in 1ms
4 timing config:load:defaults Completed in 1ms
5 timing config:load:file:/usr/share/nodejs/npm/npmrc Completed in 2ms
6 timing config:load:builtin Completed in 2ms
7 timing config:load:cli Completed in 2ms
8 timing config:load:env Completed in 0ms
9 timing config:load:project Completed in 1ms
10 timing config:load:file:/root/.npmrc Completed in 0ms
11 timing config:load:user Completed in 0ms
12 timing config:load:file:/etc/npmrc Completed in 0ms
13 timing config:load:global Completed in 0ms
14 timing config:load:validate Completed in 1ms
15 timing config:load:credentials Completed in 0ms
16 timing config:load:setEnvs Completed in 1ms
17 timing config:load Completed in 8ms
18 timing npm:load:configload Completed in 8ms
19 timing npm:load:setTitle Completed in 0ms
20 timing config:load:flatten Completed in 2ms
21 timing npm:load:display Completed in 4ms
22 verbose logfile /root/.npm/_logs/2023-12-13T22_38_59_379Z-debug-0.log
23 timing npm:load:logFile Completed in 4ms
24 timing npm:load:timers Completed in 0ms
25 timing npm:load:configScope Completed in 0ms
26 timing npm:load Completed in 17ms
27 timing arborist:ctor Completed in 1ms
28 timing idealTree:init Completed in 5ms
29 timing idealTree:userRequests Completed in 2ms
30 silly idealTree buildDeps
31 silly fetch manifest less@*
32 http fetch GET 200 https://registry.npmjs.org/less 107ms (cache miss)
33 silly fetch manifest less-plugin-clean-css@*
34 http fetch GET 200 https://registry.npmjs.org/less-plugin-clean-css 180ms (cache miss)
35 silly placeDep ROOT less@4.2.0 OK for:  want: *
36 silly placeDep ROOT less-plugin-clean-css@1.5.1 OK for:  want: *
37 silly fetch manifest copy-anything@^2.0.1
38 silly fetch manifest parse-node-version@^1.0.1
39 silly fetch manifest tslib@^2.3.0
40 silly fetch manifest errno@^0.1.1
41 silly fetch manifest graceful-fs@^4.1.2
42 silly fetch manifest image-size@~0.5.0
43 silly fetch manifest make-dir@^2.1.0
44 silly fetch manifest mime@^1.4.1
45 silly fetch manifest needle@^3.1.0
46 silly fetch manifest source-map@~0.6.0
47 silly fetch manifest clean-css@^3.0.1
48 http fetch GET 200 https://registry.npmjs.org/make-dir 58ms (cache miss)
49 http fetch GET 200 https://registry.npmjs.org/copy-anything 106ms (cache miss)
50 http fetch GET 200 https://registry.npmjs.org/parse-node-version 109ms (cache miss)
51 http fetch GET 200 https://registry.npmjs.org/clean-css 104ms (cache miss)
52 http fetch GET 200 https://registry.npmjs.org/source-map 112ms (cache miss)
53 http fetch GET 200 https://registry.npmjs.org/errno 124ms (cache miss)
54 http fetch GET 200 https://registry.npmjs.org/mime 125ms (cache miss)
55 http fetch GET 200 https://registry.npmjs.org/needle 125ms (cache miss)
56 http fetch GET 200 https://registry.npmjs.org/tslib 130ms (cache miss)
57 http fetch GET 200 https://registry.npmjs.org/image-size 129ms (cache miss)
58 http fetch GET 200 https://registry.npmjs.org/graceful-fs 132ms (cache miss)
59 timing idealTree:#root Completed in 434ms
60 silly placeDep node_modules/less copy-anything@2.0.6 OK for: less@4.2.0 want: ^2.0.1
61 silly placeDep node_modules/less errno@0.1.8 OK for: less@4.2.0 want: ^0.1.1
62 silly placeDep node_modules/less graceful-fs@4.2.11 OK for: less@4.2.0 want: ^4.1.2
63 silly placeDep node_modules/less image-size@0.5.5 OK for: less@4.2.0 want: ~0.5.0
64 silly placeDep node_modules/less make-dir@2.1.0 OK for: less@4.2.0 want: ^2.1.0
65 silly placeDep node_modules/less mime@1.6.0 OK for: less@4.2.0 want: ^1.4.1
66 silly placeDep node_modules/less needle@3.3.1 OK for: less@4.2.0 want: ^3.1.0
67 silly placeDep node_modules/less parse-node-version@1.0.1 OK for: less@4.2.0 want: ^1.0.1
68 silly placeDep node_modules/less source-map@0.6.1 OK for: less@4.2.0 want: ~0.6.0
69 silly placeDep node_modules/less tslib@2.6.2 OK for: less@4.2.0 want: ^2.3.0
70 silly fetch manifest is-what@^3.14.1
71 silly fetch manifest prr@~1.0.1
72 silly fetch manifest pify@^4.0.1
73 silly fetch manifest semver@^5.6.0
74 silly fetch manifest iconv-lite@^0.6.3
75 silly fetch manifest sax@^1.2.4
76 http fetch GET 200 https://registry.npmjs.org/semver 38ms (cache miss)
77 http fetch GET 200 https://registry.npmjs.org/iconv-lite 41ms (cache miss)
78 http fetch GET 200 https://registry.npmjs.org/pify 52ms (cache miss)
79 http fetch GET 200 https://registry.npmjs.org/prr 55ms (cache miss)
80 http fetch GET 200 https://registry.npmjs.org/sax 54ms (cache miss)
81 http fetch GET 200 https://registry.npmjs.org/is-what 61ms (cache miss)
82 timing idealTree:node_modules/less Completed in 99ms
83 silly placeDep node_modules/less-plugin-clean-css clean-css@3.4.28 OK for: less-plugin-clean-css@1.5.1 want: ^3.0.1
84 silly fetch manifest commander@2.8.x
85 silly fetch manifest source-map@0.4.x
86 http fetch GET 200 https://registry.npmjs.org/commander 34ms (cache miss)
87 timing idealTree:node_modules/less-plugin-clean-css Completed in 47ms
88 silly placeDep node_modules/less-plugin-clean-css commander@2.8.1 OK for: clean-css@3.4.28 want: 2.8.x
89 silly placeDep node_modules/less-plugin-clean-css source-map@0.4.4 OK for: clean-css@3.4.28 want: 0.4.x
90 silly fetch manifest graceful-readlink@>= 1.0.0
91 silly fetch manifest amdefine@>=0.0.4
92 http fetch GET 200 https://registry.npmjs.org/graceful-readlink 38ms (cache miss)
93 http fetch GET 200 https://registry.npmjs.org/amdefine 56ms (cache miss)
94 timing idealTree:node_modules/less-plugin-clean-css/node_modules/clean-css Completed in 59ms
95 silly placeDep node_modules/less-plugin-clean-css graceful-readlink@1.0.1 OK for: commander@2.8.1 want: >= 1.0.0
96 timing idealTree:node_modules/less-plugin-clean-css/node_modules/commander Completed in 1ms
97 timing idealTree:node_modules/less-plugin-clean-css/node_modules/graceful-readlink Completed in 0ms
98 silly placeDep node_modules/less-plugin-clean-css amdefine@1.0.1 OK for: source-map@0.4.4 want: >=0.0.4
99 timing idealTree:node_modules/less-plugin-clean-css/node_modules/source-map Completed in 1ms
100 timing idealTree:node_modules/less-plugin-clean-css/node_modules/amdefine Completed in 0ms
101 silly placeDep node_modules/less is-what@3.14.1 OK for: copy-anything@2.0.6 want: ^3.14.1
102 timing idealTree:node_modules/less/node_modules/copy-anything Completed in 1ms
103 silly placeDep node_modules/less prr@1.0.1 OK for: errno@0.1.8 want: ~1.0.1
104 timing idealTree:node_modules/less/node_modules/errno Completed in 5ms
105 timing idealTree:node_modules/less/node_modules/graceful-fs Completed in 0ms
106 timing idealTree:node_modules/less/node_modules/image-size Completed in 0ms
107 timing idealTree:node_modules/less/node_modules/is-what Completed in 0ms
108 silly placeDep node_modules/less pify@4.0.1 OK for: make-dir@2.1.0 want: ^4.0.1
109 silly placeDep node_modules/less semver@5.7.2 OK for: make-dir@2.1.0 want: ^5.6.0
110 timing idealTree:node_modules/less/node_modules/make-dir Completed in 2ms
111 timing idealTree:node_modules/less/node_modules/mime Completed in 0ms
112 silly placeDep node_modules/less iconv-lite@0.6.3 OK for: needle@3.3.1 want: ^0.6.3
113 silly placeDep node_modules/less sax@1.3.0 OK for: needle@3.3.1 want: ^1.2.4
114 silly fetch manifest safer-buffer@>= 2.1.2 < 3.0.0
115 http fetch GET 200 https://registry.npmjs.org/safer-buffer 33ms (cache miss)
116 timing idealTree:node_modules/less/node_modules/needle Completed in 37ms
117 silly placeDep node_modules/less safer-buffer@2.1.2 OK for: iconv-lite@0.6.3 want: >= 2.1.2 < 3.0.0
118 timing idealTree:node_modules/less/node_modules/iconv-lite Completed in 1ms
119 timing idealTree:node_modules/less/node_modules/parse-node-version Completed in 0ms
120 timing idealTree:node_modules/less/node_modules/pify Completed in 0ms
121 timing idealTree:node_modules/less/node_modules/prr Completed in 0ms
122 timing idealTree:node_modules/less/node_modules/safer-buffer Completed in 0ms
123 timing idealTree:node_modules/less/node_modules/sax Completed in 0ms
124 timing idealTree:node_modules/less/node_modules/semver Completed in 0ms
125 timing idealTree:node_modules/less/node_modules/source-map Completed in 0ms
126 timing idealTree:node_modules/less/node_modules/tslib Completed in 0ms
127 timing idealTree:buildDeps Completed in 689ms
128 timing idealTree:fixDepFlags Completed in 1ms
129 timing idealTree Completed in 700ms
130 timing reify:loadTrees Completed in 701ms
131 timing reify:diffTrees Completed in 2ms
132 silly reify moves {}
133 timing reify:retireShallow Completed in 1ms
134 timing reify:createSparse Completed in 11ms
135 timing reify:loadBundles Completed in 0ms
136 silly audit bulk request {
136 silly audit   less: [ '4.2.0' ],
136 silly audit   'less-plugin-clean-css': [ '1.5.1' ],
136 silly audit   'copy-anything': [ '2.0.6' ],
136 silly audit   errno: [ '0.1.8' ],
136 silly audit   'graceful-fs': [ '4.2.11' ],
136 silly audit   'image-size': [ '0.5.5' ],
136 silly audit   'make-dir': [ '2.1.0' ],
136 silly audit   mime: [ '1.6.0' ],
136 silly audit   needle: [ '3.3.1' ],
136 silly audit   'parse-node-version': [ '1.0.1' ],
136 silly audit   'source-map': [ '0.6.1', '0.4.4' ],
136 silly audit   tslib: [ '2.6.2' ],
136 silly audit   'clean-css': [ '3.4.28' ],
136 silly audit   commander: [ '2.8.1' ],
136 silly audit   'graceful-readlink': [ '1.0.1' ],
136 silly audit   amdefine: [ '1.0.1' ],
136 silly audit   'is-what': [ '3.14.1' ],
136 silly audit   prr: [ '1.0.1' ],
136 silly audit   pify: [ '4.0.1' ],
136 silly audit   semver: [ '5.7.2' ],
136 silly audit   'iconv-lite': [ '0.6.3' ],
136 silly audit   sax: [ '1.3.0' ],
136 silly audit   'safer-buffer': [ '2.1.2' ]
136 silly audit }
137 silly tarball no local data for less-plugin-clean-css@https://registry.npmjs.org/less-plugin-clean-css/-/less-plugin-clean-css-1.5.1.tgz. Extracting by manifest.
138 silly tarball no local data for less@https://registry.npmjs.org/less/-/less-4.2.0.tgz. Extracting by manifest.
139 silly tarball no local data for amdefine@https://registry.npmjs.org/amdefine/-/amdefine-1.0.1.tgz. Extracting by manifest.
140 silly tarball no local data for graceful-readlink@https://registry.npmjs.org/graceful-readlink/-/graceful-readlink-1.0.1.tgz. Extracting by manifest.
141 silly tarball no local data for source-map@https://registry.npmjs.org/source-map/-/source-map-0.4.4.tgz. Extracting by manifest.
142 silly tarball no local data for commander@https://registry.npmjs.org/commander/-/commander-2.8.1.tgz. Extracting by manifest.
143 silly tarball no local data for clean-css@https://registry.npmjs.org/clean-css/-/clean-css-3.4.28.tgz. Extracting by manifest.
144 silly tarball no local data for safer-buffer@https://registry.npmjs.org/safer-buffer/-/safer-buffer-2.1.2.tgz. Extracting by manifest.
145 silly tarball no local data for sax@https://registry.npmjs.org/sax/-/sax-1.3.0.tgz. Extracting by manifest.
146 silly tarball no local data for iconv-lite@https://registry.npmjs.org/iconv-lite/-/iconv-lite-0.6.3.tgz. Extracting by manifest.
147 silly tarball no local data for semver@https://registry.npmjs.org/semver/-/semver-5.7.2.tgz. Extracting by manifest.
148 silly tarball no local data for pify@https://registry.npmjs.org/pify/-/pify-4.0.1.tgz. Extracting by manifest.
149 silly tarball no local data for prr@https://registry.npmjs.org/prr/-/prr-1.0.1.tgz. Extracting by manifest.
150 silly tarball no local data for is-what@https://registry.npmjs.org/is-what/-/is-what-3.14.1.tgz. Extracting by manifest.
151 silly tarball no local data for tslib@https://registry.npmjs.org/tslib/-/tslib-2.6.2.tgz. Extracting by manifest.
152 silly tarball no local data for source-map@https://registry.npmjs.org/source-map/-/source-map-0.6.1.tgz. Extracting by manifest.
153 silly tarball no local data for parse-node-version@https://registry.npmjs.org/parse-node-version/-/parse-node-version-1.0.1.tgz. Extracting by manifest.
154 silly tarball no local data for needle@https://registry.npmjs.org/needle/-/needle-3.3.1.tgz. Extracting by manifest.
155 silly tarball no local data for mime@https://registry.npmjs.org/mime/-/mime-1.6.0.tgz. Extracting by manifest.
156 silly tarball no local data for make-dir@https://registry.npmjs.org/make-dir/-/make-dir-2.1.0.tgz. Extracting by manifest.
157 silly tarball no local data for image-size@https://registry.npmjs.org/image-size/-/image-size-0.5.5.tgz. Extracting by manifest.
158 silly tarball no local data for graceful-fs@https://registry.npmjs.org/graceful-fs/-/graceful-fs-4.2.11.tgz. Extracting by manifest.
159 silly tarball no local data for errno@https://registry.npmjs.org/errno/-/errno-0.1.8.tgz. Extracting by manifest.
160 silly tarball no local data for copy-anything@https://registry.npmjs.org/copy-anything/-/copy-anything-2.0.6.tgz. Extracting by manifest.
161 http fetch POST 200 https://registry.npmjs.org/-/npm/v1/security/advisories/bulk 228ms
162 timing auditReport:getReport Completed in 230ms
163 silly audit report {
163 silly audit report   'clean-css': [
163 silly audit report     {
163 silly audit report       id: 1091669,
163 silly audit report       url: 'https://github.com/advisories/GHSA-wxhq-pm8v-cw75',
163 silly audit report       title: 'Regular Expression Denial of Service in clean-css',
163 silly audit report       severity: 'low',
163 silly audit report       vulnerable_versions: '<4.1.11',
163 silly audit report       cwe: [Array],
163 silly audit report       cvss: [Object]
163 silly audit report     }
163 silly audit report   ]
163 silly audit report }
164 timing metavuln:packument:clean-css Completed in 1ms
165 timing metavuln:cache:get:security-advisory:clean-css:iMGvPnQPibsv5sFRVwiwq5tChAgPgMixbCiMVnE7uOtiV7ihb7wX2nCVu/GtFsPTjz/NWWlr2eQ3/hntNL0aVQ== Completed in 16ms
166 timing metavuln:load:security-advisory:clean-css:1091669 Completed in 14ms
167 http fetch GET 200 https://registry.npmjs.org/graceful-readlink/-/graceful-readlink-1.0.1.tgz 284ms (cache miss)
168 timing reifyNode:node_modules/less-plugin-clean-css/node_modules/graceful-readlink Completed in 310ms
169 http fetch GET 200 https://registry.npmjs.org/make-dir/-/make-dir-2.1.0.tgz 221ms (cache miss)
170 timing reifyNode:node_modules/less/node_modules/make-dir Completed in 321ms
171 http fetch GET 200 https://registry.npmjs.org/parse-node-version/-/parse-node-version-1.0.1.tgz 241ms (cache miss)
172 timing reifyNode:node_modules/less/node_modules/parse-node-version Completed in 326ms
173 http fetch GET 200 https://registry.npmjs.org/commander/-/commander-2.8.1.tgz 298ms (cache miss)
174 timing reifyNode:node_modules/less-plugin-clean-css/node_modules/commander Completed in 337ms
175 timing metavuln:cache:put:security-advisory:clean-css:iMGvPnQPibsv5sFRVwiwq5tChAgPgMixbCiMVnE7uOtiV7ihb7wX2nCVu/GtFsPTjz/NWWlr2eQ3/hntNL0aVQ== Completed in 79ms
176 timing metavuln:calculate:security-advisory:clean-css:1091669 Completed in 109ms
177 timing auditReport:init Completed in 118ms
178 timing reify:audit Completed in 349ms
179 http fetch GET 200 https://registry.npmjs.org/amdefine/-/amdefine-1.0.1.tgz 330ms (cache miss)
180 timing reifyNode:node_modules/less-plugin-clean-css/node_modules/amdefine Completed in 353ms
181 http fetch GET 200 https://registry.npmjs.org/less-plugin-clean-css/-/less-plugin-clean-css-1.5.1.tgz 351ms (cache miss)
182 timing reifyNode:node_modules/less-plugin-clean-css Completed in 369ms
183 http fetch GET 200 https://registry.npmjs.org/copy-anything/-/copy-anything-2.0.6.tgz 255ms (cache miss)
184 timing reifyNode:node_modules/less/node_modules/copy-anything Completed in 391ms
185 http fetch GET 200 https://registry.npmjs.org/graceful-fs/-/graceful-fs-4.2.11.tgz 294ms (cache miss)
186 timing reifyNode:node_modules/less/node_modules/graceful-fs Completed in 398ms
187 http fetch GET 200 https://registry.npmjs.org/errno/-/errno-0.1.8.tgz 281ms (cache miss)
188 timing reifyNode:node_modules/less/node_modules/errno Completed in 403ms
189 http fetch GET 200 https://registry.npmjs.org/sax/-/sax-1.3.0.tgz 362ms (cache miss)
190 timing reifyNode:node_modules/less/node_modules/sax Completed in 408ms
191 http fetch GET 200 https://registry.npmjs.org/safer-buffer/-/safer-buffer-2.1.2.tgz 366ms (cache miss)
192 timing reifyNode:node_modules/less/node_modules/safer-buffer Completed in 410ms
193 http fetch GET 200 https://registry.npmjs.org/prr/-/prr-1.0.1.tgz 347ms (cache miss)
194 timing reifyNode:node_modules/less/node_modules/prr Completed in 413ms
195 http fetch GET 200 https://registry.npmjs.org/pify/-/pify-4.0.1.tgz 354ms (cache miss)
196 timing reifyNode:node_modules/less/node_modules/pify Completed in 416ms
197 http fetch GET 200 https://registry.npmjs.org/tslib/-/tslib-2.6.2.tgz 339ms (cache miss)
198 timing reifyNode:node_modules/less/node_modules/tslib Completed in 419ms
199 http fetch GET 200 https://registry.npmjs.org/mime/-/mime-1.6.0.tgz 328ms (cache miss)
200 timing reifyNode:node_modules/less/node_modules/mime Completed in 425ms
201 http fetch GET 200 https://registry.npmjs.org/image-size/-/image-size-0.5.5.tgz 334ms (cache miss)
202 timing reifyNode:node_modules/less/node_modules/image-size Completed in 436ms
203 http fetch GET 200 https://registry.npmjs.org/semver/-/semver-5.7.2.tgz 387ms (cache miss)
204 timing reifyNode:node_modules/less/node_modules/semver Completed in 446ms
205 http fetch GET 200 https://registry.npmjs.org/is-what/-/is-what-3.14.1.tgz 383ms (cache miss)
206 timing reifyNode:node_modules/less/node_modules/is-what Completed in 460ms
207 http fetch GET 200 https://registry.npmjs.org/source-map/-/source-map-0.4.4.tgz 440ms (cache miss)
208 timing reifyNode:node_modules/less-plugin-clean-css/node_modules/source-map Completed in 470ms
209 http fetch GET 200 https://registry.npmjs.org/source-map/-/source-map-0.6.1.tgz 440ms (cache miss)
210 timing reifyNode:node_modules/less/node_modules/source-map Completed in 522ms
211 http fetch GET 200 https://registry.npmjs.org/iconv-lite/-/iconv-lite-0.6.3.tgz 470ms (cache miss)
212 timing reifyNode:node_modules/less/node_modules/iconv-lite Completed in 526ms
213 http fetch GET 200 https://registry.npmjs.org/clean-css/-/clean-css-3.4.28.tgz 488ms (cache miss)
214 timing reifyNode:node_modules/less-plugin-clean-css/node_modules/clean-css Completed in 529ms
215 http fetch GET 200 https://registry.npmjs.org/needle/-/needle-3.3.1.tgz 438ms (cache miss)
216 timing reifyNode:node_modules/less/node_modules/needle Completed in 531ms
217 http fetch GET 200 https://registry.npmjs.org/less/-/less-4.2.0.tgz 631ms (cache miss)
218 timing reifyNode:node_modules/less Completed in 651ms
219 timing reify:unpack Completed in 652ms
220 timing reify:unretire Completed in 0ms
221 timing build:queue Completed in 1ms
222 timing build:link:node_modules/less Completed in 4ms
223 timing build:link:node_modules/less-plugin-clean-css/node_modules/clean-css Completed in 3ms
224 timing build:link:node_modules/less/node_modules/errno Completed in 3ms
225 timing build:link:node_modules/less/node_modules/image-size Completed in 3ms
226 timing build:link:node_modules/less/node_modules/mime Completed in 3ms
227 timing build:link:node_modules/less/node_modules/needle Completed in 3ms
228 timing build:link:node_modules/less/node_modules/semver Completed in 3ms
229 timing build:link Completed in 4ms
230 timing build:deps Completed in 5ms
231 timing build Completed in 5ms
232 timing reify:build Completed in 6ms
233 timing reify:trash Completed in 1ms
234 timing reify Completed in 1401ms
235 silly ADD node_modules/less-plugin-clean-css
236 silly ADD node_modules/less-plugin-clean-css/node_modules/amdefine
237 silly ADD node_modules/less-plugin-clean-css/node_modules/graceful-readlink
238 silly ADD node_modules/less-plugin-clean-css/node_modules/source-map
239 silly ADD node_modules/less-plugin-clean-css/node_modules/commander
240 silly ADD node_modules/less-plugin-clean-css/node_modules/clean-css
241 silly ADD node_modules/less
242 silly ADD node_modules/less/node_modules/safer-buffer
243 silly ADD node_modules/less/node_modules/sax
244 silly ADD node_modules/less/node_modules/iconv-lite
245 silly ADD node_modules/less/node_modules/semver
246 silly ADD node_modules/less/node_modules/pify
247 silly ADD node_modules/less/node_modules/prr
248 silly ADD node_modules/less/node_modules/is-what
249 silly ADD node_modules/less/node_modules/tslib
250 silly ADD node_modules/less/node_modules/source-map
251 silly ADD node_modules/less/node_modules/parse-node-version
252 silly ADD node_modules/less/node_modules/needle
253 silly ADD node_modules/less/node_modules/mime
254 silly ADD node_modules/less/node_modules/make-dir
255 silly ADD node_modules/less/node_modules/image-size
256 silly ADD node_modules/less/node_modules/graceful-fs
257 silly ADD node_modules/less/node_modules/errno
258 silly ADD node_modules/less/node_modules/copy-anything
259 timing command:install Completed in 1410ms
260 verbose exit 0
261 timing npm Completed in 1588ms
262 info ok
